<?xml version="1.0" encoding="UTF-8"?>
<!-- Generated by org.testng.reporters.JUnitReportReporter -->
<testsuite hostname="DESKTOP-3O9T5AI" failures="0" tests="1" name="com.educadtionalDomain.iAss.genericLib.Demo" time="0.531" errors="0" timestamp="2022-08-23T15:17:16 IST" skipped="0">
  <testcase classname="com.educadtionalDomain.iAss.genericLib.Demo" name="getData" time="0.531"/>
  <system-out/>
</testsuite> <!-- com.educadtionalDomain.iAss.genericLib.Demo -->
