<?xml version="1.0" encoding="UTF-8"?>
<!-- Generated by org.testng.reporters.JUnitReportReporter -->
<testsuite hostname="DESKTOP-3O9T5AI" failures="0" tests="1" name="com.EducadtionalDomain.iAss.Scripts.TestCase1" time="65.455" errors="0" timestamp="2022-08-24T08:50:36 IST" skipped="0">
  <testcase classname="com.EducadtionalDomain.iAss.Scripts.TestCase1" name="testCase1" time="65.455"/>
  <system-out/>
</testsuite> <!-- com.EducadtionalDomain.iAss.Scripts.TestCase1 -->
